<?xml version="1.0" encoding="UTF-8"?>
<!-- Generated by org.testng.reporters.JUnitXMLReporter -->
<testsuite hostname="DESKTOP-2S5GRH2" ignored="0" name="Hub Spot Firefox" tests="3" failures="0" timestamp="10 Aug 2019 06:27:14 GMT" time="84.224" errors="0">
  <testcase name="@BeforeMethod setUpTest" time="84.094" classname="com.MyTests.BaseTest">
    <failure type="org.openqa.selenium.WebDriverException" message="WebDriver:NewSession
Build info: version: &amp;apos;3.141.59&amp;apos;, revision: &amp;apos;e82be7d358&amp;apos;, time: &amp;apos;2018-11-14T08:17:03&amp;apos;
System info: host: &amp;apos;DESKTOP-2S5GRH2&amp;apos;, ip: &amp;apos;192.168.0.15&amp;apos;, os.name: &amp;apos;Windows 10&amp;apos;, os.arch: &amp;apos;amd64&amp;apos;, os.version: &amp;apos;10.0&amp;apos;, java.version: &amp;apos;1.8.0_131&amp;apos;
Driver info: driver.version: FirefoxDriver
remote stacktrace: WebDriverError@chrome://marionette/content/error.js:222:5
UnknownCommandError@chrome://marionette/content/error.js:493:5
execute/req&amp;lt;@chrome://marionette/content/server.js:513:15
TaskImpl_run@resource://gre/modules/Task.jsm:321:42
TaskImpl@resource://gre/modules/Task.jsm:279:3
asyncFunction@resource://gre/modules/Task.jsm:254:14
Task_spawn@resource://gre/modules/Task.jsm:168:12
execute@chrome://marionette/content/server.js:510:15
onPacket@chrome://marionette/content/server.js:481:7
_onJSONObjectReady/&amp;lt;@chrome://marionette/content/transport.js:480:9
">
      <![CDATA[org.openqa.selenium.WebDriverException: WebDriver:NewSession
Build info: version: '3.141.59', revision: 'e82be7d358', time: '2018-11-14T08:17:03'
System info: host: 'DESKTOP-2S5GRH2', ip: '192.168.0.15', os.name: 'Windows 10', os.arch: 'amd64', os.version: '10.0', java.version: '1.8.0_131'
Driver info: driver.version: FirefoxDriver
remote stacktrace: WebDriverError@chrome://marionette/content/error.js:222:5
UnknownCommandError@chrome://marionette/content/error.js:493:5
execute/req<@chrome://marionette/content/server.js:513:15
TaskImpl_run@resource://gre/modules/Task.jsm:321:42
TaskImpl@resource://gre/modules/Task.jsm:279:3
asyncFunction@resource://gre/modules/Task.jsm:254:14
Task_spawn@resource://gre/modules/Task.jsm:168:12
execute@chrome://marionette/content/server.js:510:15
onPacket@chrome://marionette/content/server.js:481:7
_onJSONObjectReady/<@chrome://marionette/content/transport.js:480:9

at org.openqa.selenium.remote.W3CHandshakeResponse.lambda$errorHandler$0(W3CHandshakeResponse.java:62)
at org.openqa.selenium.remote.HandshakeResponse.lambda$getResponseFunction$0(HandshakeResponse.java:30)
at org.openqa.selenium.remote.ProtocolHandshake.lambda$createSession$0(ProtocolHandshake.java:126)
at java.util.stream.ReferencePipeline$3$1.accept(ReferencePipeline.java:193)
at java.util.Spliterators$ArraySpliterator.tryAdvance(Spliterators.java:958)
at java.util.stream.ReferencePipeline.forEachWithCancel(ReferencePipeline.java:126)
at java.util.stream.AbstractPipeline.copyIntoWithCancel(AbstractPipeline.java:498)
at java.util.stream.AbstractPipeline.copyInto(AbstractPipeline.java:485)
at java.util.stream.AbstractPipeline.wrapAndCopyInto(AbstractPipeline.java:471)
at java.util.stream.FindOps$FindOp.evaluateSequential(FindOps.java:152)
at java.util.stream.AbstractPipeline.evaluate(AbstractPipeline.java:234)
at java.util.stream.ReferencePipeline.findFirst(ReferencePipeline.java:464)
at org.openqa.selenium.remote.ProtocolHandshake.createSession(ProtocolHandshake.java:128)
at org.openqa.selenium.remote.ProtocolHandshake.createSession(ProtocolHandshake.java:74)
at org.openqa.selenium.remote.HttpCommandExecutor.execute(HttpCommandExecutor.java:136)
at org.openqa.selenium.remote.service.DriverCommandExecutor.execute(DriverCommandExecutor.java:83)
at org.openqa.selenium.remote.RemoteWebDriver.execute(RemoteWebDriver.java:552)
at org.openqa.selenium.remote.RemoteWebDriver.startSession(RemoteWebDriver.java:213)
at org.openqa.selenium.remote.RemoteWebDriver.<init>(RemoteWebDriver.java:131)
at org.openqa.selenium.firefox.FirefoxDriver.<init>(FirefoxDriver.java:147)
at org.openqa.selenium.firefox.FirefoxDriver.<init>(FirefoxDriver.java:125)
at com.MyTests.BaseTest.setUpTest(BaseTest.java:27)
at java.util.concurrent.FutureTask.run(FutureTask.java:266)
at java.util.concurrent.ThreadPoolExecutor.runWorker(ThreadPoolExecutor.java:1142)
at java.util.concurrent.ThreadPoolExecutor$Worker.run(ThreadPoolExecutor.java:617)
at java.lang.Thread.run(Thread.java:748)
... Removed 23 stack frames]]>
    </failure>
  </testcase> <!-- @BeforeMethod setUpTest -->
  <testcase name="@AfterMethod tearDown" time="0.0" classname="com.MyTests.BaseTest">
    <skipped/>
  </testcase> <!-- @AfterMethod tearDown -->
  <testcase name="@BeforeMethod setUpTest" time="0.0" classname="com.MyTests.BaseTest">
    <skipped/>
  </testcase> <!-- @BeforeMethod setUpTest -->
  <testcase name="@AfterMethod tearDown" time="0.0" classname="com.MyTests.BaseTest">
    <skipped/>
  </testcase> <!-- @AfterMethod tearDown -->
  <testcase name="@BeforeMethod setUpTest" time="0.0" classname="com.MyTests.BaseTest">
    <skipped/>
  </testcase> <!-- @BeforeMethod setUpTest -->
  <testcase name="@AfterMethod tearDown" time="0.0" classname="com.MyTests.BaseTest">
    <skipped/>
  </testcase> <!-- @AfterMethod tearDown -->
  <testcase name="verify_loginPage_title_Test" time="0.0" classname="com.MyTests.LoginTest">
    <skipped/>
  </testcase> <!-- verify_loginPage_title_Test -->
  <testcase name="verify_LoginPage_header_Test" time="0.0" classname="com.MyTests.LoginTest">
    <skipped/>
  </testcase> <!-- verify_LoginPage_header_Test -->
  <testcase name="doLogin_Test" time="0.0" classname="com.MyTests.LoginTest">
    <skipped/>
  </testcase> <!-- doLogin_Test -->
</testsuite> <!-- Hub Spot Firefox -->
